<?xml version="1.0" encoding="UTF-8"?>
<!-- Generated by org.testng.reporters.JUnitReportReporter -->
<testsuite hostname="DESKTOP-ECCOGIN" failures="0" tests="1" name="com.qa.fb.tests.LoginTest" time="29.508" errors="0" timestamp="2022-08-19T10:32:21 IST" skipped="0">
  <testcase classname="com.qa.fb.tests.LoginTest" name="loginTest" time="29.508"/>
  <system-out/>
</testsuite> <!-- com.qa.fb.tests.LoginTest -->
