<?xml version="1.0" encoding="UTF-8"?>
<!-- Generated by org.testng.reporters.JUnitReportReporter -->
<testsuite hostname="DESKTOP-ECCOGIN" failures="0" tests="1" name="com.qa.fb.tests.SignUpTest" time="17.963" errors="0" timestamp="2022-08-23T15:34:48 IST" skipped="0">
  <testcase classname="com.qa.fb.tests.SignUpTest" name="signUpTest" time="17.963"/>
  <system-out/>
</testsuite> <!-- com.qa.fb.tests.SignUpTest -->
